[debug] [2020-03-13T16:00:39.288Z] ----------------------------------------------------------------------
[debug] [2020-03-13T16:00:39.290Z] Command:       /Users/David/.nvm/versions/node/v13.9.0/bin/node /Users/David/.nvm/versions/node/v13.9.0/bin/firebase serve --only functions --port=5001
[debug] [2020-03-13T16:00:39.290Z] CLI Version:   7.13.1
[debug] [2020-03-13T16:00:39.290Z] Platform:      darwin
[debug] [2020-03-13T16:00:39.290Z] Node Version:  v13.9.0
[debug] [2020-03-13T16:00:39.291Z] Time:          Fri Mar 13 2020 17:00:39 GMT+0100 (Central European Standard Time)
[debug] [2020-03-13T16:00:39.291Z] ----------------------------------------------------------------------
[debug] [2020-03-13T16:00:39.291Z] 
[debug] [2020-03-13T16:00:39.300Z] > command requires scopes: ["email","openid","https://www.googleapis.com/auth/cloudplatformprojects.readonly","https://www.googleapis.com/auth/firebase","https://www.googleapis.com/auth/cloud-platform"]
[debug] [2020-03-13T16:00:39.301Z] > authorizing via signed-in user
[debug] [2020-03-13T16:00:39.301Z] [iam] checking project rejection-leaderboard for permissions ["firebase.projects.get"]
[debug] [2020-03-13T16:00:39.302Z] >>> HTTP REQUEST POST https://cloudresourcemanager.googleapis.com/v1/projects/rejection-leaderboard:testIamPermissions  

[debug] [2020-03-13T16:00:40.138Z] <<< HTTP RESPONSE 200
[debug] [2020-03-13T16:00:40.140Z] >>> HTTP REQUEST GET https://firebase.googleapis.com/v1beta1/projects/rejection-leaderboard  
 
[debug] [2020-03-13T16:00:40.375Z] <<< HTTP RESPONSE 200
[warn] ⚠  Your requested "node" version "8" doesn't match your global version "13"
[info] ✔  functions: Emulator started at http://localhost:5001
[info] i  functions: Watching "/Users/David/Desktop/code/rejection_counter/functions" for Cloud Functions...
[debug] [2020-03-13T16:00:40.406Z] [worker-pool] addWorker(~diagnostic~)
[debug] [2020-03-13T16:00:40.406Z] [worker-pool] Adding worker with key ~diagnostic~, total=1
[debug] [2020-03-13T16:00:40.406Z] [worker-pool] submitWork(triggerId=)
[debug] [2020-03-13T16:00:40.407Z] [worker-~diagnostic~-361acc54-7e51-4906-8afc-f517ed8b7aa5]: Assigning socketPath: /var/folders/q9/zbkzzvl50m32jcqfw_9dvxc40000gp/T/fire_emu_89079.sock
[debug] [2020-03-13T16:00:40.407Z] [worker-~diagnostic~-361acc54-7e51-4906-8afc-f517ed8b7aa5]: BUSY
[debug] [2020-03-13T16:00:40.692Z] [runtime-status] [89079] Functions runtime initialized. {"cwd":"/Users/David/Desktop/code/rejection_counter/functions","node_version":"13.9.0"}
[debug] [2020-03-13T16:00:40.693Z] [runtime-status] [89079] Disabled runtime features: {"functions_config_helper":true,"network_filtering":true,"timeout":true,"memory_limiting":true,"admin_stubs":true,"pubsub_emulator":true}
[debug] [2020-03-13T16:00:40.696Z] [runtime-status] [89079] Resolved module firebase-admin {"declared":true,"installed":true,"version":"8.10.0","resolution":"/Users/David/Desktop/code/rejection_counter/functions/node_modules/firebase-admin/lib/index.js"}
[debug] [2020-03-13T16:00:40.698Z] [runtime-status] [89079] Resolved module firebase-functions {"declared":true,"installed":true,"version":"3.3.0","resolution":"/Users/David/Desktop/code/rejection_counter/functions/node_modules/firebase-functions/lib/index.js"}
[debug] [2020-03-13T16:00:40.699Z] [runtime-status] [89079] Resolved module firebase-functions {"declared":true,"installed":true,"version":"3.3.0","resolution":"/Users/David/Desktop/code/rejection_counter/functions/node_modules/firebase-functions/lib/index.js"}
[info] ✔  functions[app]: http function initialized (http://localhost:5001/rejection-leaderboard/us-central1/app).
[debug] [2020-03-13T16:00:40.882Z] [worker-~diagnostic~-361acc54-7e51-4906-8afc-f517ed8b7aa5]: IDLE
[debug] [2020-03-13T16:00:51.690Z] [work-queue] {"queueLength":1,"workRunningCount":0}
[debug] [2020-03-13T16:00:51.690Z] [work-queue] {"queueLength":0,"workRunningCount":1}
[debug] [2020-03-13T16:00:51.691Z] Accepted request GET /rejection-leaderboard/us-central1/app/api/message --> app
[debug] [2020-03-13T16:00:51.697Z] [worker-pool] addWorker(app)
[debug] [2020-03-13T16:00:51.697Z] [worker-pool] Adding worker with key app, total=1
[debug] [2020-03-13T16:00:51.697Z] [worker-pool] submitWork(triggerId=app)
[debug] [2020-03-13T16:00:51.697Z] [worker-app-b7ce15f6-5bd0-4791-a296-075bfe987f77]: Assigning socketPath: /var/folders/q9/zbkzzvl50m32jcqfw_9dvxc40000gp/T/fire_emu_89104.sock
[debug] [2020-03-13T16:00:51.698Z] [worker-app-b7ce15f6-5bd0-4791-a296-075bfe987f77]: BUSY
[debug] [2020-03-13T16:00:52.071Z] [runtime-status] [89104] Functions runtime initialized. {"cwd":"/Users/David/Desktop/code/rejection_counter/functions","node_version":"13.9.0"}
[debug] [2020-03-13T16:00:52.073Z] [runtime-status] [89104] Disabled runtime features: {"functions_config_helper":true,"network_filtering":true,"timeout":true,"memory_limiting":true,"admin_stubs":true,"pubsub_emulator":true}
[debug] [2020-03-13T16:00:52.075Z] [runtime-status] [89104] Resolved module firebase-admin {"declared":true,"installed":true,"version":"8.10.0","resolution":"/Users/David/Desktop/code/rejection_counter/functions/node_modules/firebase-admin/lib/index.js"}
[debug] [2020-03-13T16:00:52.076Z] [runtime-status] [89104] Resolved module firebase-functions {"declared":true,"installed":true,"version":"3.3.0","resolution":"/Users/David/Desktop/code/rejection_counter/functions/node_modules/firebase-functions/lib/index.js"}
[debug] [2020-03-13T16:00:52.077Z] [runtime-status] [89104] Resolved module firebase-functions {"declared":true,"installed":true,"version":"3.3.0","resolution":"/Users/David/Desktop/code/rejection_counter/functions/node_modules/firebase-functions/lib/index.js"}
[debug] [2020-03-13T16:00:52.206Z] [runtime-status] [89104] Trigger "app" has been found, beginning invocation!
[info] i  functions: Beginning execution of "app"
[debug] [2020-03-13T16:00:52.207Z] [runtime-status] [89104] triggerDefinition {"httpsTrigger":{},"name":"app","entryPoint":"app"}
[debug] [2020-03-13T16:00:52.207Z] [runtime-status] [89104] Running app in mode HTTPS
[debug] [2020-03-13T16:00:52.211Z] [runtime-status] [89104] Attempting to listen to socketPath: /var/folders/q9/zbkzzvl50m32jcqfw_9dvxc40000gp/T/fire_emu_89104.sock
[debug] [2020-03-13T16:00:52.215Z] [functions] Runtime ready! Sending request!
[debug] [2020-03-13T16:00:52.229Z] [runtime-status] [89104] Ephemeral server handling GET request
[debug] [2020-03-13T16:00:52.237Z] [runtime-status] [89104] Ephemeral server survived.
[info] i  functions: Finished "app" in ~1s
[debug] [2020-03-13T16:00:52.244Z] [worker-app-b7ce15f6-5bd0-4791-a296-075bfe987f77]: IDLE
[debug] [2020-03-13T16:00:52.245Z] [work-queue] {"queueLength":0,"workRunningCount":0}
